<?xml version="1.0" encoding="UTF-8"?>
<!-- Generated by org.testng.reporters.JUnitReportReporter -->
<testsuite hostname="Ram" failures="0" tests="1" name="DriverFactory.DriverScript" time="33.126" errors="0" timestamp="2022-12-29T21:57:58 IST" skipped="0">
  <testcase classname="DriverFactory.DriverScript" name="startTest" time="33.126"/>
  <system-out>
    <![CDATA[Login Fail
Pass
Login Fail
Data verified
Employee added successfully7571  7571
Pass]]>
  </system-out>
</testsuite> <!-- DriverFactory.DriverScript -->
